alone_contador_de_pessoas/build/app/outputs/mapping/release/mapping.txt
# compiler: R8
# compiler_version: 1.5.64
# min_api: 16
# pg_map_id: db73c39
com.example.alone_contador_de_pessoas.MainActivity -> com.example.alone_contador_de_pessoas.MainActivity:
    void configureFlutterEngine(io.flutter.embedding.engine.FlutterEngine) -> a
...
io.flutter.plugin.common.StringCodec -> b.a.c.a.q:
    java.nio.charset.Charset UTF8 -> a
    io.flutter.plugin.common.StringCodec INSTANCE -> b
    java.lang.Object decodeMessage(java.nio.ByteBuffer) -> a
    java.lang.String decodeMessage(java.nio.ByteBuffer) -> a
    java.nio.ByteBuffer encodeMessage(java.lang.Object) -> a
    java.nio.ByteBuffer encodeMessage(java.lang.String) -> a
io.flutter.plugin.editing.InputConnectionAdaptor -> b.a.c.b.a:
    io.flutter.embedding.engine.systemchannels.TextInputChannel textInputChannel -> c
    android.view.View mFlutterView -> a
    android.view.inputmethod.InputMethodManager mImm -> f
    android.text.Editable mEditable -> d
    int mBatchCount -> e
    int mClient -> b
    android.text.Layout mLayout -> g
    int clampIndexToEditable(int,android.text.Editable) -> a
    void updateEditingState() -> a
io.flutter.plugin.editing.TextInputPlugin -> b.a.c.b.b:
    io.flutter.plugin.platform.PlatformViewsController platformViewsController -> i
    io.flutter.embedding.engine.systemchannels.TextInputChannel textInputChannel -> c
    io.flutter.plugin.editing.TextInputPlugin$InputTarget inputTarget -> d
    boolean restartAlwaysRequired -> j
    boolean isInputConnectionLocked -> k
    android.view.View mView -> a
    android.text.Editable mEditable -> f
    boolean mRestartInputPending -> g
    io.flutter.embedding.engine.systemchannels.TextInputChannel$Configuration configuration -> e
    android.view.inputmethod.InputMethodManager mImm -> b
    android.view.inputmethod.InputConnection lastInputConnection -> h
    android.view.View access$000(io.flutter.plugin.editing.TextInputPlugin) -> a
    void access$100(io.flutter.plugin.editing.TextInputPlugin,android.view.View) -> a
    void access$300(io.flutter.plugin.editing.TextInputPlugin,int) -> a
    void applyStateToSelection(io.flutter.embedding.engine.systemchannels.TextInputChannel$TextEditState) -> a
    void clearPlatformViewClient(int) -> a
    android.view.inputmethod.InputConnection createInputConnection(android.view.View,android.view.inputmethod.EditorInfo) -> a
    void destroy() -> a
    void hideTextInput(android.view.View) -> a
io.flutter.plugin.editing.TextInputPlugin$1 -> b.a.c.b.b$a:
    io.flutter.plugin.editing.TextInputPlugin this$0 -> a
    void hide() -> a
    void setClient(int,io.flutter.embedding.engine.systemchannels.TextInputChannel$Configuration) -> a
    void setEditingState(io.flutter.embedding.engine.systemchannels.TextInputChannel$TextEditState) -> a
    void setPlatformViewClient(int) -> a
    void clearClient() -> b
    void show() -> c
io.flutter.plugin.editing.TextInputPlugin$InputTarget -> b.a.c.b.b$b:
    io.flutter.plugin.editing.TextInputPlugin$InputTarget$Type type -> a
    int id -> b
io.flutter.plugin.editing.TextInputPlugin$InputTarget$Type -> b.a.c.b.b$b$a:
    io.flutter.plugin.editing.TextInputPlugin$InputTarget$Type[] $VALUES -> d
    io.flutter.plugin.editing.TextInputPlugin$InputTarget$Type PLATFORM_VIEW -> c
    io.flutter.plugin.editing.TextInputPlugin$InputTarget$Type NO_TARGET -> a
    io.flutter.plugin.editing.TextInputPlugin$InputTarget$Type FRAMEWORK_CLIENT -> b
io.flutter.plugin.platform.-$$Lambda$PlatformViewsController$1$yCLpCrkCk5PKTxnfIMt18jB15HI -> io.flutter.plugin.platform.a:
    io.flutter.embedding.engine.systemchannels.PlatformViewsChannel$PlatformViewCreationRequest f$1 -> b
    io.flutter.plugin.platform.PlatformViewsController$1 f$0 -> a
io.flutter.plugin.platform.AccessibilityEventsDelegate -> io.flutter.plugin.platform.b:
    io.flutter.view.AccessibilityBridge accessibilityBridge -> a
    boolean requestSendAccessibilityEvent(android.view.View,android.view.View,android.view.accessibility.AccessibilityEvent) -> a
    void setAccessibilityBridge(io.flutter.view.AccessibilityBridge) -> a